2016-08-17T06:52:34.559052+00:00 app[web.1]: 
2016-08-17T06:52:34.559299+00:00 app[web.1]: npm ERR! Please include the following file with any support request:
2016-08-17T06:52:34.559428+00:00 app[web.1]: npm ERR!     /app/npm-debug.log
2016-08-17T06:52:34.623615+00:00 heroku[web.1]: Process exited with status 1
2016-08-17T06:52:34.626188+00:00 heroku[web.1]: State changed from starting to crashed
2016-08-17T06:57:02.797030+00:00 heroku[api]: Deploy ca4c221 by u.simonato@libero.it
2016-08-17T06:57:02.797084+00:00 heroku[api]: Release v158 created by u.simonato@libero.it
2016-08-17T06:57:02.993535+00:00 heroku[slug-compiler]: Slug compilation started
2016-08-17T06:57:02.993540+00:00 heroku[slug-compiler]: Slug compilation finished
2016-08-17T06:57:03.019860+00:00 heroku[web.1]: State changed from crashed to starting
2016-08-17T06:57:08.339195+00:00 heroku[web.1]: Starting process with command `npm start`
2016-08-17T06:57:11.779628+00:00 app[web.1]: 
2016-08-17T06:57:11.779646+00:00 app[web.1]: > mythings2016@1.0.0 start /app
2016-08-17T06:57:11.779647+00:00 app[web.1]: > node .
2016-08-17T06:57:11.779648+00:00 app[web.1]: 
2016-08-17T06:57:12.926394+00:00 app[web.1]: /app/common/models/message.js:169
2016-08-17T06:57:12.926409+00:00 app[web.1]: ^
2016-08-17T06:57:12.926409+00:00 app[web.1]: };
2016-08-17T06:57:12.926410+00:00 app[web.1]: 
2016-08-17T06:57:12.926411+00:00 app[web.1]: SyntaxError: Unexpected token }
2016-08-17T06:57:12.926411+00:00 app[web.1]:     at exports.runInThisContext (vm.js:53:16)
2016-08-17T06:57:12.926412+00:00 app[web.1]:     at Module._compile (module.js:387:25)
2016-08-17T06:57:12.926413+00:00 app[web.1]:     at Object.Module._extensions..js (module.js:422:10)
2016-08-17T06:57:12.926414+00:00 app[web.1]:     at Module.load (module.js:357:32)
2016-08-17T06:57:12.926414+00:00 app[web.1]:     at Function.Module._load (module.js:314:12)
2016-08-17T06:57:12.926416+00:00 app[web.1]:     at /app/node_modules/loopback-boot/lib/executor.js:245:20
2016-08-17T06:57:12.926415+00:00 app[web.1]:     at require (internal/module.js:20:19)
2016-08-17T06:57:12.926416+00:00 app[web.1]:     at Array.forEach (native)
2016-08-17T06:57:12.926415+00:00 app[web.1]:     at Module.require (module.js:367:17)
2016-08-17T06:57:12.926417+00:00 app[web.1]:     at defineModels (/app/node_modules/loopback-boot/lib/executor.js:226:23)
2016-08-17T06:57:12.939839+00:00 app[web.1]: 
2016-08-17T06:57:12.951236+00:00 app[web.1]: npm ERR! Linux 3.13.0-91-generic
2016-08-17T06:57:12.951729+00:00 app[web.1]: npm ERR! argv "/app/.heroku/node/bin/node" "/app/.heroku/node/bin/npm" "start"
2016-08-17T06:57:12.952022+00:00 app[web.1]: npm ERR! node v5.11.1
2016-08-17T06:57:12.952744+00:00 app[web.1]: npm ERR! npm  v3.8.6
2016-08-17T06:57:12.953093+00:00 app[web.1]: npm ERR! code ELIFECYCLE
2016-08-17T06:57:12.953728+00:00 app[web.1]: npm ERR! mythings2016@1.0.0 start: `node .`
2016-08-17T06:57:12.953935+00:00 app[web.1]: npm ERR! Exit status 1
2016-08-17T06:57:12.954162+00:00 app[web.1]: npm ERR! 
2016-08-17T06:57:12.954375+00:00 app[web.1]: npm ERR! Failed at the mythings2016@1.0.0 start script 'node .'.
2016-08-17T06:57:12.954592+00:00 app[web.1]: npm ERR! Make sure you have the latest version of node.js and npm installed.
2016-08-17T06:57:12.954800+00:00 app[web.1]: npm ERR! If you do, this is most likely a problem with the mythings2016 package,
2016-08-17T06:57:12.955008+00:00 app[web.1]: npm ERR! not with npm itself.
2016-08-17T06:57:12.955425+00:00 app[web.1]: npm ERR!     node .
2016-08-17T06:57:12.955211+00:00 app[web.1]: npm ERR! Tell the author that this fails on your system:
2016-08-17T06:57:12.955643+00:00 app[web.1]: npm ERR! You can get information on how to open an issue for this project with:
2016-08-17T06:57:12.955851+00:00 app[web.1]: npm ERR!     npm bugs mythings2016
2016-08-17T06:57:12.956065+00:00 app[web.1]: npm ERR! Or if that isn't available, you can get their info via:
2016-08-17T06:57:12.956257+00:00 app[web.1]: npm ERR!     npm owner ls mythings2016
2016-08-17T06:57:12.956466+00:00 app[web.1]: npm ERR! There is likely additional logging output above.
2016-08-17T06:57:12.961388+00:00 app[web.1]: 
2016-08-17T06:57:12.961655+00:00 app[web.1]: npm ERR! Please include the following file with any support request:
2016-08-17T06:57:12.961855+00:00 app[web.1]: npm ERR!     /app/npm-debug.log
2016-08-17T06:57:13.042148+00:00 heroku[web.1]: Process exited with status 1
2016-08-17T06:57:13.046135+00:00 heroku[web.1]: State changed from starting to crashed
2016-08-17T06:57:13.047021+00:00 heroku[web.1]: State changed from crashed to starting
2016-08-17T06:57:16.150849+00:00 heroku[web.1]: Starting process with command `npm start`
2016-08-17T06:57:19.042232+00:00 app[web.1]: 
2016-08-17T06:57:19.042244+00:00 app[web.1]: > mythings2016@1.0.0 start /app
2016-08-17T06:57:19.042245+00:00 app[web.1]: > node .
2016-08-17T06:57:19.042245+00:00 app[web.1]: 
2016-08-17T06:57:20.274325+00:00 app[web.1]: /app/common/models/message.js:169
2016-08-17T06:57:20.274344+00:00 app[web.1]: };
2016-08-17T06:57:20.274345+00:00 app[web.1]: ^
2016-08-17T06:57:20.274347+00:00 app[web.1]:     at exports.runInThisContext (vm.js:53:16)
2016-08-17T06:57:20.274352+00:00 app[web.1]:     at Object.Module._extensions..js (module.js:422:10)
2016-08-17T06:57:20.274346+00:00 app[web.1]: SyntaxError: Unexpected token }
2016-08-17T06:57:20.274352+00:00 app[web.1]:     at Module.load (module.js:357:32)
2016-08-17T06:57:20.274353+00:00 app[web.1]:     at Function.Module._load (module.js:314:12)
2016-08-17T06:57:20.274354+00:00 app[web.1]:     at Module.require (module.js:367:17)
2016-08-17T06:57:20.274348+00:00 app[web.1]:     at Module._compile (module.js:387:25)
2016-08-17T06:57:20.274346+00:00 app[web.1]: 
2016-08-17T06:57:20.274355+00:00 app[web.1]:     at /app/node_modules/loopback-boot/lib/executor.js:245:20
2016-08-17T06:57:20.274354+00:00 app[web.1]:     at require (internal/module.js:20:19)
2016-08-17T06:57:20.314364+00:00 app[web.1]: 
2016-08-17T06:57:20.274356+00:00 app[web.1]:     at defineModels (/app/node_modules/loopback-boot/lib/executor.js:226:23)
2016-08-17T06:57:20.274355+00:00 app[web.1]:     at Array.forEach (native)
2016-08-17T06:57:20.331802+00:00 app[web.1]: npm ERR! Linux 3.13.0-91-generic
2016-08-17T06:57:20.332453+00:00 app[web.1]: npm ERR! argv "/app/.heroku/node/bin/node" "/app/.heroku/node/bin/npm" "start"
2016-08-17T06:57:20.332823+00:00 app[web.1]: npm ERR! node v5.11.1
2016-08-17T06:57:20.333935+00:00 app[web.1]: npm ERR! npm  v3.8.6
2016-08-17T06:57:20.334304+00:00 app[web.1]: npm ERR! code ELIFECYCLE
2016-08-17T06:57:20.334854+00:00 app[web.1]: npm ERR! Exit status 1
2016-08-17T06:57:20.334603+00:00 app[web.1]: npm ERR! mythings2016@1.0.0 start: `node .`
2016-08-17T06:57:20.335158+00:00 app[web.1]: npm ERR! 
2016-08-17T06:57:20.335839+00:00 app[web.1]: npm ERR! Make sure you have the latest version of node.js and npm installed.
2016-08-17T06:57:20.335541+00:00 app[web.1]: npm ERR! Failed at the mythings2016@1.0.0 start script 'node .'.
2016-08-17T06:57:20.336127+00:00 app[web.1]: npm ERR! If you do, this is most likely a problem with the mythings2016 package,
2016-08-17T06:57:20.336385+00:00 app[web.1]: npm ERR! not with npm itself.
2016-08-17T06:57:20.336671+00:00 app[web.1]: npm ERR! Tell the author that this fails on your system:
2016-08-17T06:57:20.337502+00:00 app[web.1]: npm ERR!     npm bugs mythings2016
2016-08-17T06:57:20.337229+00:00 app[web.1]: npm ERR! You can get information on how to open an issue for this project with:
2016-08-17T06:57:20.337767+00:00 app[web.1]: npm ERR! Or if that isn't available, you can get their info via:
2016-08-17T06:57:20.338036+00:00 app[web.1]: npm ERR!     npm owner ls mythings2016
2016-08-17T06:57:20.338299+00:00 app[web.1]: npm ERR! There is likely additional logging output above.
2016-08-17T06:57:20.349328+00:00 app[web.1]: 
2016-08-17T06:57:20.350873+00:00 app[web.1]: npm ERR! Please include the following file with any support request:
2016-08-17T06:57:20.351102+00:00 app[web.1]: npm ERR!     /app/npm-debug.log
2016-08-17T06:57:20.336966+00:00 app[web.1]: npm ERR!     node .
2016-08-17T06:57:20.462398+00:00 heroku[web.1]: Process exited with status 1
2016-08-17T06:57:20.465952+00:00 heroku[web.1]: State changed from starting to crashed
Terminare il processo batch (S/N)? 
