2016-08-17T17:54:56.307767+00:00 app[web.1]: npm ERR!     /app/npm-debug.log
2016-08-17T17:54:56.307622+00:00 app[web.1]: npm ERR! Please include the following file with any support request:
2016-08-17T17:54:56.307358+00:00 app[web.1]: 
2016-08-17T17:54:56.381772+00:00 heroku[web.1]: Process exited with status 1
2016-08-17T17:54:56.398135+00:00 heroku[web.1]: State changed from crashed to starting
2016-08-17T17:54:56.396891+00:00 heroku[web.1]: State changed from starting to crashed
2016-08-17T17:55:00.072481+00:00 heroku[web.1]: Starting process with command `npm start`
2016-08-17T17:55:02.399382+00:00 app[web.1]: 
2016-08-17T17:55:02.399401+00:00 app[web.1]: > mythings2016@1.0.0 start /app
2016-08-17T17:55:02.399402+00:00 app[web.1]: > node .
2016-08-17T17:55:02.399438+00:00 app[web.1]: 
2016-08-17T17:55:03.595545+00:00 app[web.1]:     at Module._compile (module.js:387:25)
2016-08-17T17:55:03.595539+00:00 app[web.1]: 
2016-08-17T17:55:03.595522+00:00 app[web.1]: /app/common/models/message.js:79
2016-08-17T17:55:03.595547+00:00 app[web.1]:     at Module.load (module.js:357:32)
2016-08-17T17:55:03.595544+00:00 app[web.1]: SyntaxError: missing ) after argument list
2016-08-17T17:55:03.595544+00:00 app[web.1]:     at exports.runInThisContext (vm.js:53:16)
2016-08-17T17:55:03.595546+00:00 app[web.1]:     at Object.Module._extensions..js (module.js:422:10)
2016-08-17T17:55:03.595548+00:00 app[web.1]:     at Module.require (module.js:367:17)
2016-08-17T17:55:03.595538+00:00 app[web.1]:                                                      ^^^^^^^^^^^^^^^^
2016-08-17T17:55:03.595537+00:00 app[web.1]:          console.log('address non risolto : '+res[0].formattedAddress ;
2016-08-17T17:55:03.595547+00:00 app[web.1]:     at Function.Module._load (module.js:314:12)
2016-08-17T17:55:03.623773+00:00 app[web.1]: npm ERR! Exit status 1
2016-08-17T17:55:03.623622+00:00 app[web.1]: npm ERR! mythings2016@1.0.0 start: `node .`
2016-08-17T17:55:03.623217+00:00 app[web.1]: npm ERR! npm  v3.8.6
2016-08-17T17:55:03.622767+00:00 app[web.1]: npm ERR! node v5.11.1
2016-08-17T17:55:03.595549+00:00 app[web.1]:     at require (internal/module.js:20:19)
2016-08-17T17:55:03.595549+00:00 app[web.1]:     at /app/node_modules/loopback-boot/lib/executor.js:245:20
2016-08-17T17:55:03.595550+00:00 app[web.1]:     at Array.forEach (native)
2016-08-17T17:55:03.595551+00:00 app[web.1]:     at defineModels (/app/node_modules/loopback-boot/lib/executor.js:226:23)
2016-08-17T17:55:03.613758+00:00 app[web.1]: 
2016-08-17T17:55:03.622219+00:00 app[web.1]: npm ERR! Linux 3.13.0-91-generic
2016-08-17T17:55:03.622627+00:00 app[web.1]: npm ERR! argv "/app/.heroku/node/bin/node" "/app/.heroku/node/bin/npm" "start"
2016-08-17T17:55:03.623477+00:00 app[web.1]: npm ERR! code ELIFECYCLE
2016-08-17T17:55:03.623907+00:00 app[web.1]: npm ERR! 
2016-08-17T17:55:03.624469+00:00 app[web.1]: npm ERR! not with npm itself.
2016-08-17T17:55:03.624535+00:00 app[web.1]: npm ERR! Tell the author that this fails on your system:
2016-08-17T17:55:03.624168+00:00 app[web.1]: npm ERR! Make sure you have the latest version of node.js and npm installed.
2016-08-17T17:55:03.624330+00:00 app[web.1]: npm ERR! If you do, this is most likely a problem with the mythings2016 package,
2016-08-17T17:55:03.624006+00:00 app[web.1]: npm ERR! Failed at the mythings2016@1.0.0 start script 'node .'.
2016-08-17T17:55:03.624820+00:00 app[web.1]: npm ERR! You can get information on how to open an issue for this project with:
2016-08-17T17:55:03.625192+00:00 app[web.1]: npm ERR!     npm owner ls mythings2016
2016-08-17T17:55:03.625305+00:00 app[web.1]: npm ERR! There is likely additional logging output above.
2016-08-17T17:55:03.629492+00:00 app[web.1]: 
2016-08-17T17:55:03.629688+00:00 app[web.1]: npm ERR! Please include the following file with any support request:
2016-08-17T17:55:03.624936+00:00 app[web.1]: npm ERR!     npm bugs mythings2016
2016-08-17T17:55:03.625094+00:00 app[web.1]: npm ERR! Or if that isn't available, you can get their info via:
2016-08-17T17:55:03.624650+00:00 app[web.1]: npm ERR!     node .
2016-08-17T17:55:03.629774+00:00 app[web.1]: npm ERR!     /app/npm-debug.log
2016-08-17T17:55:03.697254+00:00 heroku[web.1]: Process exited with status 1
2016-08-17T17:55:03.721275+00:00 heroku[web.1]: State changed from starting to crashed
2016-08-17T17:57:19.384784+00:00 heroku[api]: Deploy d3d81d1 by u.simonato@libero.it
2016-08-17T17:57:19.384784+00:00 heroku[api]: Release v212 created by u.simonato@libero.it
2016-08-17T17:57:19.669543+00:00 heroku[slug-compiler]: Slug compilation finished
2016-08-17T17:57:19.669538+00:00 heroku[slug-compiler]: Slug compilation started
2016-08-17T17:57:19.681424+00:00 heroku[web.1]: State changed from crashed to starting
2016-08-17T17:57:23.083942+00:00 heroku[web.1]: Starting process with command `npm start`
2016-08-17T17:57:25.292522+00:00 app[web.1]: 
2016-08-17T17:57:25.292535+00:00 app[web.1]: 
2016-08-17T17:57:25.292535+00:00 app[web.1]: > node .
2016-08-17T17:57:25.292534+00:00 app[web.1]: > mythings2016@1.0.0 start /app
2016-08-17T17:57:26.255621+00:00 app[web.1]:                      ^^^^^^^^^^^^^^^^^^^^^^^^^^^^^^^^^^^^^^^^^^^^^^^^^
2016-08-17T17:57:26.255600+00:00 app[web.1]: /app/common/models/message.js:79
2016-08-17T17:57:26.255620+00:00 app[web.1]:          console.log('address non risolto : +res[0].formattedAddress ;
2016-08-17T17:57:26.255623+00:00 app[web.1]:     at Module._compile (module.js:387:25)
2016-08-17T17:57:26.255622+00:00 app[web.1]:     at exports.runInThisContext (vm.js:53:16)
2016-08-17T17:57:26.255626+00:00 app[web.1]:     at Module.load (module.js:357:32)
2016-08-17T17:57:26.255622+00:00 app[web.1]: SyntaxError: Unexpected token ILLEGAL
2016-08-17T17:57:26.255621+00:00 app[web.1]: 
2016-08-17T17:57:26.255626+00:00 app[web.1]:     at Object.Module._extensions..js (module.js:422:10)
2016-08-17T17:57:26.255627+00:00 app[web.1]:     at Function.Module._load (module.js:314:12)
2016-08-17T17:57:26.255627+00:00 app[web.1]:     at Module.require (module.js:367:17)
2016-08-17T17:57:26.255628+00:00 app[web.1]:     at require (internal/module.js:20:19)
2016-08-17T17:57:26.255628+00:00 app[web.1]:     at /app/node_modules/loopback-boot/lib/executor.js:245:20
2016-08-17T17:57:26.255630+00:00 app[web.1]:     at defineModels (/app/node_modules/loopback-boot/lib/executor.js:226:23)
2016-08-17T17:57:26.265464+00:00 app[web.1]: 
2016-08-17T17:57:26.272640+00:00 app[web.1]: npm ERR! node v5.11.1
2016-08-17T17:57:26.255629+00:00 app[web.1]:     at Array.forEach (native)
2016-08-17T17:57:26.272492+00:00 app[web.1]: npm ERR! argv "/app/.heroku/node/bin/node" "/app/.heroku/node/bin/npm" "start"
2016-08-17T17:57:26.272190+00:00 app[web.1]: npm ERR! Linux 3.13.0-91-generic
2016-08-17T17:57:26.272984+00:00 app[web.1]: npm ERR! npm  v3.8.6
2016-08-17T17:57:26.277890+00:00 app[web.1]: 
2016-08-17T17:57:26.278144+00:00 app[web.1]: npm ERR!     /app/npm-debug.log
2016-08-17T17:57:26.278053+00:00 app[web.1]: npm ERR! Please include the following file with any support request:
2016-08-17T17:57:26.274372+00:00 app[web.1]: npm ERR!     npm bugs mythings2016
2016-08-17T17:57:26.274543+00:00 app[web.1]: npm ERR!     npm owner ls mythings2016
2016-08-17T17:57:26.273181+00:00 app[web.1]: npm ERR! code ELIFECYCLE
2016-08-17T17:57:26.273306+00:00 app[web.1]: npm ERR! mythings2016@1.0.0 start: `node .`
2016-08-17T17:57:26.273384+00:00 app[web.1]: npm ERR! Exit status 1
2016-08-17T17:57:26.273492+00:00 app[web.1]: npm ERR! 
2016-08-17T17:57:26.273652+00:00 app[web.1]: npm ERR! Failed at the mythings2016@1.0.0 start script 'node .'.
2016-08-17T17:57:26.273761+00:00 app[web.1]: npm ERR! Make sure you have the latest version of node.js and npm installed.
2016-08-17T17:57:26.273848+00:00 app[web.1]: npm ERR! If you do, this is most likely a problem with the mythings2016 package,
2016-08-17T17:57:26.273948+00:00 app[web.1]: npm ERR! not with npm itself.
2016-08-17T17:57:26.274050+00:00 app[web.1]: npm ERR! Tell the author that this fails on your system:
2016-08-17T17:57:26.274162+00:00 app[web.1]: npm ERR!     node .
2016-08-17T17:57:26.274274+00:00 app[web.1]: npm ERR! You can get information on how to open an issue for this project with:
2016-08-17T17:57:26.274445+00:00 app[web.1]: npm ERR! Or if that isn't available, you can get their info via:
2016-08-17T17:57:26.274645+00:00 app[web.1]: npm ERR! There is likely additional logging output above.
2016-08-17T17:57:26.343246+00:00 heroku[web.1]: Process exited with status 1
2016-08-17T17:57:26.360274+00:00 heroku[web.1]: State changed from starting to crashed
Terminare il processo batch (S/N)? 
